<?xml version="1.0" encoding="UTF-8"?>
<!-- Generated by org.testng.reporters.JUnitReportReporter -->
<testsuite skipped="0" hostname="DESKTOP-O1BV280" name="newAppium.ChromebrowserTests" tests="1" failures="0" timestamp="2020-04-08T19:49:24 IST" time="195.079" errors="0">
  <testcase name="browser" time="195.079" classname="newAppium.ChromebrowserTests"/>
  <system-out/>
</testsuite> <!-- newAppium.ChromebrowserTests -->
