<?xml version="1.0" encoding="UTF-8"?>
<!-- Generated by org.testng.reporters.JUnitReportReporter -->
<testsuite skipped="0" hostname="DESKTOP-O1BV280" name="newAppium.Chromebrowser" tests="1" failures="0" timestamp="2020-03-15T23:02:37 IST" time="38.069" errors="0">
  <testcase name="browser" time="38.069" classname="newAppium.Chromebrowser"/>
  <system-out/>
</testsuite> <!-- newAppium.Chromebrowser -->
