<?xml version="1.0" encoding="UTF-8"?>
<!-- Generated by org.testng.reporters.JUnitReportReporter -->
<testsuite skipped="0" hostname="DESKTOP-O1BV280" name="practices.TestNGannotations" tests="2" failures="0" timestamp="2020-04-22T12:29:20 IST" time="0.013" errors="0">
  <testcase name="testCase1" time="0.009" classname="practices.TestNGannotations"/>
  <system-out/>
  <testcase name="testCase2" time="0.004" classname="practices.TestNGannotations"/>
  <system-out/>
</testsuite> <!-- practices.TestNGannotations -->
